<?xml version="1.0" encoding="UTF-8"?>
<!-- Generated by org.testng.reporters.JUnitXMLReporter -->
<testsuite ignored="0" hostname="LAPTOP-2MAH8L2O" failures="0" tests="3" name="Default test" time="8.975" errors="0" timestamp="2023-02-07T11:20:16 IST">
  <testcase classname="OrangeHRMApplicationTestCases.OrangeHRMLoginPageTest" name="logInPageLogoValidationTest" time="0.074"/>
  <testcase classname="OrangeHRMApplicationTestCases.OrangeHRMLoginPageTest" name="logInPageTextValidationTest" time="0.064"/>
  <testcase classname="OrangeHRMApplicationTestCases.OrangeHRMLoginPageTest" name="logInPageLogInFuncationalityTest" time="3.625"/>
</testsuite> <!-- Default test -->
