<?xml version="1.0" encoding="UTF-8"?>
<testng-results ignored="0" total="3" passed="3" failed="0" skipped="0">
  <reporter-output>
  </reporter-output>
  <suite started-at="2023-02-07T11:20:07 IST" name="Default suite" finished-at="2023-02-07T11:20:16 IST" duration-ms="8975">
    <groups>
    </groups>
    <test started-at="2023-02-07T11:20:07 IST" name="Default test" finished-at="2023-02-07T11:20:16 IST" duration-ms="8975">
      <class name="OrangeHRMApplicationTestCases.OrangeHRMLoginPageTest">
        <test-method is-config="true" signature="setUp()[pri:0, instance:OrangeHRMApplicationTestCases.OrangeHRMLoginPageTest@22ff4249]" started-at="2023-02-07T11:20:07 IST" name="setUp" finished-at="2023-02-07T11:20:09 IST" duration-ms="1804" status="PASS">
          <reporter-output>
          </reporter-output>
        </test-method> <!-- setUp -->
        <test-method signature="logInPageLogoValidationTest()[pri:1, instance:OrangeHRMApplicationTestCases.OrangeHRMLoginPageTest@22ff4249]" started-at="2023-02-07T11:20:09 IST" name="logInPageLogoValidationTest" description=" validating OrangeHRM Application LogIN Page Logo Test " finished-at="2023-02-07T11:20:09 IST" duration-ms="74" status="PASS">
          <reporter-output>
          </reporter-output>
        </test-method> <!-- logInPageLogoValidationTest -->
        <test-method is-config="true" signature="tearDown()[pri:0, instance:OrangeHRMApplicationTestCases.OrangeHRMLoginPageTest@22ff4249]" started-at="2023-02-07T11:20:09 IST" name="tearDown" finished-at="2023-02-07T11:20:09 IST" duration-ms="148" status="PASS">
          <reporter-output>
          </reporter-output>
        </test-method> <!-- tearDown -->
        <test-method is-config="true" signature="setUp()[pri:0, instance:OrangeHRMApplicationTestCases.OrangeHRMLoginPageTest@22ff4249]" started-at="2023-02-07T11:20:09 IST" name="setUp" finished-at="2023-02-07T11:20:11 IST" duration-ms="1535" status="PASS">
          <reporter-output>
          </reporter-output>
        </test-method> <!-- setUp -->
        <test-method signature="logInPageTextValidationTest()[pri:2, instance:OrangeHRMApplicationTestCases.OrangeHRMLoginPageTest@22ff4249]" started-at="2023-02-07T11:20:11 IST" name="logInPageTextValidationTest" description=" validating OrangeHRM Application LogIN Page Text Test " finished-at="2023-02-07T11:20:11 IST" duration-ms="64" status="PASS">
          <reporter-output>
          </reporter-output>
        </test-method> <!-- logInPageTextValidationTest -->
        <test-method is-config="true" signature="tearDown()[pri:0, instance:OrangeHRMApplicationTestCases.OrangeHRMLoginPageTest@22ff4249]" started-at="2023-02-07T11:20:11 IST" name="tearDown" finished-at="2023-02-07T11:20:11 IST" duration-ms="188" status="PASS">
          <reporter-output>
          </reporter-output>
        </test-method> <!-- tearDown -->
        <test-method is-config="true" signature="setUp()[pri:0, instance:OrangeHRMApplicationTestCases.OrangeHRMLoginPageTest@22ff4249]" started-at="2023-02-07T11:20:11 IST" name="setUp" finished-at="2023-02-07T11:20:13 IST" duration-ms="1367" status="PASS">
          <reporter-output>
          </reporter-output>
        </test-method> <!-- setUp -->
        <test-method signature="logInPageLogInFuncationalityTest()[pri:3, instance:OrangeHRMApplicationTestCases.OrangeHRMLoginPageTest@22ff4249]" started-at="2023-02-07T11:20:13 IST" name="logInPageLogInFuncationalityTest" description=" validating OrangeHRM Application LogIN Page LogIn Funcationality Test " finished-at="2023-02-07T11:20:16 IST" duration-ms="3625" status="PASS">
          <reporter-output>
          </reporter-output>
        </test-method> <!-- logInPageLogInFuncationalityTest -->
        <test-method is-config="true" signature="tearDown()[pri:0, instance:OrangeHRMApplicationTestCases.OrangeHRMLoginPageTest@22ff4249]" started-at="2023-02-07T11:20:16 IST" name="tearDown" finished-at="2023-02-07T11:20:16 IST" duration-ms="130" status="PASS">
          <reporter-output>
          </reporter-output>
        </test-method> <!-- tearDown -->
      </class> <!-- OrangeHRMApplicationTestCases.OrangeHRMLoginPageTest -->
    </test> <!-- Default test -->
  </suite> <!-- Default suite -->
</testng-results>
